<?xml version="1.0" encoding="UTF-8"?>
<!-- Generated by org.testng.reporters.JUnitXMLReporter -->
<testsuite hostname="TSLC1124" ignored="1" name="Test" tests="2" failures="0" timestamp="02 Apr 2018 19:44:42 GMT" time="71.79" errors="0">
  <testcase name="A_Vendor_2" time="9.497" classname="userTest.VendorModuleTest"/>
  <testcase name="A_Vendor_2" time="4.923" classname="userTest.VendorModuleTest"/>
  <testcase name="A_Vendor_1" time="0.0" classname="userTest.VendorModuleTest">
    <ignored/>
  </testcase> <!-- A_Vendor_1 -->
</testsuite> <!-- Test -->
