<?xml version="1.0" encoding="UTF-8"?>
<!-- Generated by org.testng.reporters.JUnitXMLReporter -->
<testsuite hostname="DESKTOP-KSR106D" ignored="0" name="Test" tests="5" failures="0" timestamp="21 Mar 2018 19:01:49 GMT" time="38.456" errors="0">
  <testcase name="A_Catagory_1" time="2.951" classname="userTest.CategoryModuleTest"/>
  <testcase name="A_Catagory_2" time="2.798" classname="userTest.CategoryModuleTest"/>
  <testcase name="A_Catagory_3" time="3.387" classname="userTest.CategoryModuleTest"/>
  <testcase name="A_Catagory_4" time="2.646" classname="userTest.CategoryModuleTest"/>
  <testcase name="A_Catagory_5" time="3.441" classname="userTest.CategoryModuleTest"/>
</testsuite> <!-- Test -->
