<?xml version="1.0" encoding="UTF-8"?>
<testng-results skipped="0" failed="0" ignored="0" total="4" passed="4">
  <reporter-output>
  </reporter-output>
  <suite name="Suite" duration-ms="103749" started-at="2017-12-16T20:20:59Z" finished-at="2017-12-16T20:22:42Z">
    <groups>
    </groups>
    <test name="Test" duration-ms="103749" started-at="2017-12-16T20:20:59Z" finished-at="2017-12-16T20:22:42Z">
      <class name="userTest.CategoryModuleTest">
        <test-method status="PASS" signature="startReport()[pri:0, instance:userTest.CategoryModuleTest@491cc5c9]" name="startReport" is-config="true" duration-ms="184" started-at="2017-12-17T01:50:59Z" finished-at="2017-12-17T01:50:59Z">
          <reporter-output>
          </reporter-output>
        </test-method> <!-- startReport -->
        <test-method status="PASS" signature="lunchBrowser()[pri:0, instance:userTest.CategoryModuleTest@491cc5c9]" name="lunchBrowser" is-config="true" duration-ms="33799" started-at="2017-12-17T01:50:59Z" finished-at="2017-12-17T01:51:33Z">
          <reporter-output>
          </reporter-output>
        </test-method> <!-- lunchBrowser -->
        <test-method status="PASS" signature="login()[pri:0, instance:userTest.CategoryModuleTest@491cc5c9]" name="login" is-config="true" duration-ms="2544" started-at="2017-12-17T01:51:33Z" finished-at="2017-12-17T01:51:35Z">
          <reporter-output>
          </reporter-output>
        </test-method> <!-- login -->
        <test-method status="PASS" signature="TC_1()[pri:0, instance:userTest.CategoryModuleTest@491cc5c9]" name="TC_1" duration-ms="8802" started-at="2017-12-17T01:51:35Z" finished-at="2017-12-17T01:51:44Z">
          <reporter-output>
          </reporter-output>
        </test-method> <!-- TC_1 -->
        <test-method status="PASS" signature="Logout()[pri:0, instance:userTest.CategoryModuleTest@491cc5c9]" name="Logout" is-config="true" duration-ms="1219" started-at="2017-12-17T01:51:44Z" finished-at="2017-12-17T01:51:45Z">
          <reporter-output>
          </reporter-output>
        </test-method> <!-- Logout -->
        <test-method status="PASS" signature="login()[pri:0, instance:userTest.CategoryModuleTest@491cc5c9]" name="login" is-config="true" duration-ms="245" started-at="2017-12-17T01:51:45Z" finished-at="2017-12-17T01:51:46Z">
          <reporter-output>
          </reporter-output>
        </test-method> <!-- login -->
        <test-method status="PASS" signature="TC_2()[pri:0, instance:userTest.CategoryModuleTest@491cc5c9]" name="TC_2" duration-ms="9505" started-at="2017-12-17T01:51:46Z" finished-at="2017-12-17T01:51:55Z">
          <reporter-output>
          </reporter-output>
        </test-method> <!-- TC_2 -->
        <test-method status="PASS" signature="Logout()[pri:0, instance:userTest.CategoryModuleTest@491cc5c9]" name="Logout" is-config="true" duration-ms="1290" started-at="2017-12-17T01:51:55Z" finished-at="2017-12-17T01:51:56Z">
          <reporter-output>
          </reporter-output>
        </test-method> <!-- Logout -->
        <test-method status="PASS" signature="login()[pri:0, instance:userTest.CategoryModuleTest@491cc5c9]" name="login" is-config="true" duration-ms="258" started-at="2017-12-17T01:51:56Z" finished-at="2017-12-17T01:51:57Z">
          <reporter-output>
          </reporter-output>
        </test-method> <!-- login -->
        <test-method status="PASS" signature="TC_3()[pri:0, instance:userTest.CategoryModuleTest@491cc5c9]" name="TC_3" duration-ms="7432" started-at="2017-12-17T01:51:57Z" finished-at="2017-12-17T01:52:04Z">
          <reporter-output>
          </reporter-output>
        </test-method> <!-- TC_3 -->
        <test-method status="PASS" signature="Logout()[pri:0, instance:userTest.CategoryModuleTest@491cc5c9]" name="Logout" is-config="true" duration-ms="1262" started-at="2017-12-17T01:52:04Z" finished-at="2017-12-17T01:52:05Z">
          <reporter-output>
          </reporter-output>
        </test-method> <!-- Logout -->
        <test-method status="PASS" signature="login()[pri:0, instance:userTest.CategoryModuleTest@491cc5c9]" name="login" is-config="true" duration-ms="284" started-at="2017-12-17T01:52:05Z" finished-at="2017-12-17T01:52:06Z">
          <reporter-output>
          </reporter-output>
        </test-method> <!-- login -->
        <test-method status="PASS" signature="TC_4()[pri:0, instance:userTest.CategoryModuleTest@491cc5c9]" name="TC_4" duration-ms="2163" started-at="2017-12-17T01:52:06Z" finished-at="2017-12-17T01:52:08Z">
          <reporter-output>
          </reporter-output>
        </test-method> <!-- TC_4 -->
        <test-method status="PASS" signature="Logout()[pri:0, instance:userTest.CategoryModuleTest@491cc5c9]" name="Logout" is-config="true" duration-ms="34715" started-at="2017-12-17T01:52:08Z" finished-at="2017-12-17T01:52:42Z">
          <reporter-output>
          </reporter-output>
        </test-method> <!-- Logout -->
        <test-method status="PASS" signature="closeBrowser()[pri:0, instance:userTest.CategoryModuleTest@491cc5c9]" name="closeBrowser" is-config="true" duration-ms="11" started-at="2017-12-17T01:52:42Z" finished-at="2017-12-17T01:52:42Z">
          <reporter-output>
          </reporter-output>
        </test-method> <!-- closeBrowser -->
      </class> <!-- userTest.CategoryModuleTest -->
    </test> <!-- Test -->
  </suite> <!-- Suite -->
</testng-results>
